{"/Users/onklas/Documents/learn/nodejs/nodejs-weather/src/config/redis.config.js": {"path":"/Users/onklas/Documents/learn/nodejs/nodejs-weather/src/config/redis.config.js","statementMap":{"0":{"start":{"line":26,"column":0},"end":{"line":26,"column":16}},"1":{"start":{"line":30,"column":20},"end":{"line":43,"column":1}},"2":{"start":{"line":31,"column":2},"end":{"line":41,"column":3}},"3":{"start":{"line":32,"column":4},"end":{"line":34,"column":7}},"4":{"start":{"line":36,"column":4},"end":{"line":38,"column":7}},"5":{"start":{"line":37,"column":6},"end":{"line":37,"column":48}},"6":{"start":{"line":40,"column":4},"end":{"line":40,"column":21}},"7":{"start":{"line":42,"column":2},"end":{"line":42,"column":16}},"8":{"start":{"line":45,"column":20},"end":{"line":47,"column":1}},"9":{"start":{"line":46,"column":2},"end":{"line":46,"column":16}}},"fnMap":{"0":{"name":"(anonymous_0)","decl":{"start":{"line":30,"column":20},"end":{"line":30,"column":21}},"loc":{"start":{"line":30,"column":26},"end":{"line":43,"column":1}},"line":30},"1":{"name":"(anonymous_1)","decl":{"start":{"line":36,"column":23},"end":{"line":36,"column":24}},"loc":{"start":{"line":36,"column":30},"end":{"line":38,"column":5}},"line":36},"2":{"name":"(anonymous_2)","decl":{"start":{"line":45,"column":20},"end":{"line":45,"column":21}},"loc":{"start":{"line":45,"column":26},"end":{"line":47,"column":1}},"line":45}},"branchMap":{"0":{"loc":{"start":{"line":31,"column":2},"end":{"line":41,"column":3}},"type":"if","locations":[{"start":{"line":31,"column":2},"end":{"line":41,"column":3}},{"start":{},"end":{}}],"line":31}},"s":{"0":2,"1":2,"2":4,"3":3,"4":3,"5":1,"6":3,"7":4,"8":2,"9":3},"f":{"0":4,"1":1,"2":3},"b":{"0":[3,1]},"_coverageSchema":"1a1c01bbd47fc00a2c39e90264f33305004495a9","hash":"41038d18dec584ecfcdd5117979fdd6cf9e9b659"}
,"/Users/onklas/Documents/learn/nodejs/nodejs-weather/src/controllers/weather.controller.js": {"path":"/Users/onklas/Documents/learn/nodejs/nodejs-weather/src/controllers/weather.controller.js","statementMap":{"0":{"start":{"line":4,"column":14},"end":{"line":36,"column":1}},"1":{"start":{"line":5,"column":43},"end":{"line":5,"column":52}},"2":{"start":{"line":7,"column":2},"end":{"line":35,"column":3}},"3":{"start":{"line":8,"column":16},"end":{"line":8,"column":53}},"4":{"start":{"line":9,"column":19},"end":{"line":9,"column":32}},"5":{"start":{"line":11,"column":15},"end":{"line":11,"column":36}},"6":{"start":{"line":13,"column":4},"end":{"line":21,"column":5}},"7":{"start":{"line":14,"column":26},"end":{"line":14,"column":87}},"8":{"start":{"line":15,"column":6},"end":{"line":15,"column":46}},"9":{"start":{"line":17,"column":6},"end":{"line":20,"column":9}},"10":{"start":{"line":23,"column":4},"end":{"line":26,"column":7}},"11":{"start":{"line":29,"column":4},"end":{"line":29,"column":57}},"12":{"start":{"line":30,"column":4},"end":{"line":34,"column":7}}},"fnMap":{"0":{"name":"(anonymous_0)","decl":{"start":{"line":4,"column":14},"end":{"line":4,"column":15}},"loc":{"start":{"line":4,"column":34},"end":{"line":36,"column":1}},"line":4}},"branchMap":{"0":{"loc":{"start":{"line":13,"column":4},"end":{"line":21,"column":5}},"type":"if","locations":[{"start":{"line":13,"column":4},"end":{"line":21,"column":5}},{"start":{},"end":{}}],"line":13}},"s":{"0":1,"1":3,"2":3,"3":3,"4":3,"5":3,"6":2,"7":1,"8":1,"9":1,"10":2,"11":1,"12":1},"f":{"0":3},"b":{"0":[1,1]},"_coverageSchema":"1a1c01bbd47fc00a2c39e90264f33305004495a9","hash":"3cb2db5babb8977074b055dc79e93fe11457d730"}
,"/Users/onklas/Documents/learn/nodejs/nodejs-weather/src/services/weather.service.js": {"path":"/Users/onklas/Documents/learn/nodejs/nodejs-weather/src/services/weather.service.js","statementMap":{"0":{"start":{"line":3,"column":0},"end":{"line":3,"column":16}},"1":{"start":{"line":5,"column":19},"end":{"line":14,"column":1}},"2":{"start":{"line":6,"column":2},"end":{"line":13,"column":3}},"3":{"start":{"line":7,"column":4},"end":{"line":7,"column":186}},"4":{"start":{"line":9,"column":4},"end":{"line":12,"column":6}}},"fnMap":{"0":{"name":"(anonymous_0)","decl":{"start":{"line":5,"column":19},"end":{"line":5,"column":20}},"loc":{"start":{"line":5,"column":74},"end":{"line":14,"column":1}},"line":5}},"branchMap":{"0":{"loc":{"start":{"line":5,"column":26},"end":{"line":5,"column":39}},"type":"default-arg","locations":[{"start":{"line":5,"column":37},"end":{"line":5,"column":39}}],"line":5},"1":{"loc":{"start":{"line":5,"column":41},"end":{"line":5,"column":55}},"type":"default-arg","locations":[{"start":{"line":5,"column":53},"end":{"line":5,"column":55}}],"line":5},"2":{"loc":{"start":{"line":5,"column":57},"end":{"line":5,"column":69}},"type":"default-arg","locations":[{"start":{"line":5,"column":67},"end":{"line":5,"column":69}}],"line":5}},"s":{"0":2,"1":2,"2":2,"3":2,"4":1},"f":{"0":2},"b":{"0":[0],"1":[0],"2":[0]},"_coverageSchema":"1a1c01bbd47fc00a2c39e90264f33305004495a9","hash":"ffd63630f105fad56f20bdea591d8430e86474ee"}
}
