TN:
SF:src/config/redis.config.js
FN:30,(anonymous_0)
FN:36,(anonymous_1)
FN:45,(anonymous_2)
FNF:3
FNH:3
FNDA:4,(anonymous_0)
FNDA:1,(anonymous_1)
FNDA:3,(anonymous_2)
DA:26,2
DA:30,2
DA:31,4
DA:32,3
DA:36,3
DA:37,1
DA:40,3
DA:42,4
DA:45,2
DA:46,3
LF:10
LH:10
BRDA:31,0,0,3
BRDA:31,0,1,1
BRF:2
BRH:2
end_of_record
TN:
SF:src/controllers/weather.controller.js
FN:4,(anonymous_0)
FNF:1
FNH:1
FNDA:3,(anonymous_0)
DA:4,1
DA:5,3
DA:7,3
DA:8,3
DA:9,3
DA:11,3
DA:13,2
DA:14,1
DA:15,1
DA:17,1
DA:23,2
DA:29,1
DA:30,1
LF:13
LH:13
BRDA:13,0,0,1
BRDA:13,0,1,1
BRF:2
BRH:2
end_of_record
TN:
SF:src/services/weather.service.js
FN:5,(anonymous_0)
FNF:1
FNH:1
FNDA:2,(anonymous_0)
DA:3,2
DA:5,2
DA:6,2
DA:7,2
DA:9,1
LF:5
LH:5
BRDA:5,0,0,0
BRDA:5,1,0,0
BRDA:5,2,0,0
BRF:3
BRH:0
end_of_record
